{"/Users/thomaskjaergaard/Projects/modules/vue/vue-intersect/src/index.js": {"path":"/Users/thomaskjaergaard/Projects/modules/vue/vue-intersect/src/index.js","statementMap":{"0":{"start":{"line":3,"column":13},"end":{"line":7,"column":1}},"1":{"start":{"line":4,"column":2},"end":{"line":6,"column":3}},"2":{"start":{"line":5,"column":4},"end":{"line":5,"column":21}},"3":{"start":{"line":16,"column":21},"end":{"line":16,"column":26}},"4":{"start":{"line":21,"column":21},"end":{"line":21,"column":25}},"5":{"start":{"line":26,"column":21},"end":{"line":26,"column":38}},"6":{"start":{"line":30,"column":4},"end":{"line":39,"column":6}},"7":{"start":{"line":31,"column":6},"end":{"line":34,"column":7}},"8":{"start":{"line":32,"column":8},"end":{"line":32,"column":33}},"9":{"start":{"line":33,"column":8},"end":{"line":33,"column":34}},"10":{"start":{"line":42,"column":4},"end":{"line":51,"column":6}},"11":{"start":{"line":43,"column":6},"end":{"line":48,"column":7}},"12":{"start":{"line":44,"column":8},"end":{"line":44,"column":88}},"13":{"start":{"line":45,"column":13},"end":{"line":48,"column":7}},"14":{"start":{"line":46,"column":8},"end":{"line":46,"column":86}},"15":{"start":{"line":47,"column":8},"end":{"line":47,"column":14}},"16":{"start":{"line":50,"column":6},"end":{"line":50,"column":55}},"17":{"start":{"line":54,"column":4},"end":{"line":54,"column":30}},"18":{"start":{"line":57,"column":4},"end":{"line":57,"column":62}}},"fnMap":{"0":{"name":"(anonymous_0)","decl":{"start":{"line":3,"column":13},"end":{"line":3,"column":14}},"loc":{"start":{"line":3,"column":22},"end":{"line":7,"column":1}},"line":3},"1":{"name":"(anonymous_1)","decl":{"start":{"line":16,"column":15},"end":{"line":16,"column":16}},"loc":{"start":{"line":16,"column":21},"end":{"line":16,"column":26}},"line":16},"2":{"name":"(anonymous_2)","decl":{"start":{"line":21,"column":15},"end":{"line":21,"column":16}},"loc":{"start":{"line":21,"column":21},"end":{"line":21,"column":25}},"line":21},"3":{"name":"(anonymous_3)","decl":{"start":{"line":26,"column":15},"end":{"line":26,"column":16}},"loc":{"start":{"line":26,"column":21},"end":{"line":26,"column":38}},"line":26},"4":{"name":"(anonymous_4)","decl":{"start":{"line":30,"column":45},"end":{"line":30,"column":46}},"loc":{"start":{"line":30,"column":58},"end":{"line":35,"column":5}},"line":30},"5":{"name":"(anonymous_5)","decl":{"start":{"line":42,"column":19},"end":{"line":42,"column":20}},"loc":{"start":{"line":42,"column":25},"end":{"line":51,"column":5}},"line":42}},"branchMap":{"0":{"loc":{"start":{"line":4,"column":2},"end":{"line":6,"column":3}},"type":"if","locations":[{"start":{"line":4,"column":2},"end":{"line":6,"column":3}},{"start":{"line":4,"column":2},"end":{"line":6,"column":3}}],"line":4},"1":{"loc":{"start":{"line":31,"column":6},"end":{"line":34,"column":7}},"type":"if","locations":[{"start":{"line":31,"column":6},"end":{"line":34,"column":7}},{"start":{"line":31,"column":6},"end":{"line":34,"column":7}}],"line":31},"2":{"loc":{"start":{"line":43,"column":6},"end":{"line":48,"column":7}},"type":"if","locations":[{"start":{"line":43,"column":6},"end":{"line":48,"column":7}},{"start":{"line":43,"column":6},"end":{"line":48,"column":7}}],"line":43},"3":{"loc":{"start":{"line":43,"column":10},"end":{"line":43,"column":63}},"type":"binary-expr","locations":[{"start":{"line":43,"column":10},"end":{"line":43,"column":29}},{"start":{"line":43,"column":33},"end":{"line":43,"column":63}}],"line":43},"4":{"loc":{"start":{"line":45,"column":13},"end":{"line":48,"column":7}},"type":"if","locations":[{"start":{"line":45,"column":13},"end":{"line":48,"column":7}},{"start":{"line":45,"column":13},"end":{"line":48,"column":7}}],"line":45},"5":{"loc":{"start":{"line":45,"column":17},"end":{"line":45,"column":71}},"type":"binary-expr","locations":[{"start":{"line":45,"column":17},"end":{"line":45,"column":37}},{"start":{"line":45,"column":41},"end":{"line":45,"column":71}}],"line":45},"6":{"loc":{"start":{"line":57,"column":11},"end":{"line":57,"column":62}},"type":"cond-expr","locations":[{"start":{"line":57,"column":33},"end":{"line":57,"column":55}},{"start":{"line":57,"column":58},"end":{"line":57,"column":62}}],"line":57}},"s":{"0":1,"1":3,"2":3,"3":8,"4":8,"5":8,"6":9,"7":1,"8":1,"9":1,"10":9,"11":9,"12":1,"13":8,"14":2,"15":2,"16":7,"17":1,"18":9},"f":{"0":3,"1":8,"2":8,"3":8,"4":1,"5":9},"b":{"0":[3,0],"1":[1,0],"2":[1,8],"3":[9,7],"4":[2,6],"5":[8,6],"6":[7,2]},"_coverageSchema":"332fd63041d2c1bcb487cc26dd0d5f7d97098a6c","hash":"ac5ab556ccc5192a1c723edc441df444c320ed39"}
}
