TN:
SF:/Users/thomaskjaergaard/Projects/modules/vue/vue-intersect/src/index.js
FN:3,(anonymous_0)
FN:16,(anonymous_1)
FN:21,(anonymous_2)
FN:26,(anonymous_3)
FN:30,(anonymous_4)
FN:42,(anonymous_5)
FNF:6
FNH:6
FNDA:3,(anonymous_0)
FNDA:8,(anonymous_1)
FNDA:8,(anonymous_2)
FNDA:8,(anonymous_3)
FNDA:1,(anonymous_4)
FNDA:9,(anonymous_5)
DA:3,1
DA:4,3
DA:5,3
DA:16,8
DA:21,8
DA:26,8
DA:30,9
DA:31,1
DA:32,1
DA:33,1
DA:42,9
DA:43,9
DA:44,1
DA:45,8
DA:46,2
DA:47,2
DA:50,7
DA:54,1
DA:57,9
LF:19
LH:19
BRDA:4,0,0,3
BRDA:4,0,1,0
BRDA:31,1,0,1
BRDA:31,1,1,0
BRDA:43,2,0,1
BRDA:43,2,1,8
BRDA:43,3,0,9
BRDA:43,3,1,7
BRDA:45,4,0,2
BRDA:45,4,1,6
BRDA:45,5,0,8
BRDA:45,5,1,6
BRDA:57,6,0,7
BRDA:57,6,1,2
BRF:14
BRH:12
end_of_record
